[    0.000000] Linux version 4.15.0-212-generic (buildd@lcy02-amd64-083) (gcc version 7.5.0 (Ubuntu 7.5.0-3ubuntu1~18.04)) #223-Ubuntu SMP Tue May 23 13:09:22 UTC 2023 (Ubuntu 4.15.0-212.223-generic 4.15.18)
[    0.000000] Command line: BOOT_IMAGE=/boot/vmlinuz-4.15.0-212-generic root=LABEL=cloudimg-rootfs ro console=tty1 console=ttyS0
[    0.000000] KERNEL supported cpus:
[    0.000000]   Intel GenuineIntel
[    0.000000]   AMD AuthenticAMD
[    0.000000]   Centaur CentaurHauls
[    0.000000] x86/fpu: Supporting XSAVE feature 0x001: 'x87 floating point registers'
[    0.000000] x86/fpu: Supporting XSAVE feature 0x002: 'SSE registers'
[    0.000000] x86/fpu: Supporting XSAVE feature 0x004: 'AVX registers'
[    0.000000] x86/fpu: xstate_offset[2]:  576, xstate_sizes[2]:  256
[    0.000000] x86/fpu: Enabled xstate features 0x7, context size is 832 bytes, using 'standard' format.
[    0.000000] e820: BIOS-provided physical RAM map:
[    0.000000] BIOS-e820: [mem 0x0000000000000000-0x000000000009fbff] usable
[    0.000000] BIOS-e820: [mem 0x000000000009fc00-0x000000000009ffff] reserved
[    0.000000] BIOS-e820: [mem 0x00000000000f0000-0x00000000000fffff] reserved
[    0.000000] BIOS-e820: [mem 0x0000000000100000-0x000000003ffeffff] usable
[    0.000000] BIOS-e820: [mem 0x000000003fff0000-0x000000003fffffff] ACPI data
[    0.000000] BIOS-e820: [mem 0x00000000fec00000-0x00000000fec00fff] reserved
[    0.000000] BIOS-e820: [mem 0x00000000fee00000-0x00000000fee00fff] reserved
[    0.000000] BIOS-e820: [mem 0x00000000fffc0000-0x00000000ffffffff] reserved
[    0.000000] NX (Execute Disable) protection: active
[    0.000000] SMBIOS 2.5 present.
[    0.000000] DMI: innotek GmbH VirtualBox/VirtualBox, BIOS VirtualBox 12/01/2006
[    0.000000] Hypervisor detected: KVM
[    0.000000] e820: last_pfn = 0x3fff0 max_arch_pfn = 0x400000000
[    0.000000] x86/PAT: Configuration [0-7]: WB  WC  UC- UC  WB  WP  UC- WT  
[    0.000000] found SMP MP-table at [mem 0x0009fbf0-0x0009fbff]
[    0.000000] Scanning 1 areas for low memory corruption
[    0.000000] RAMDISK: [mem 0x359cb000-0x36cdcfff]
[    0.000000] ACPI: Early table checksum verification disabled
[    0.000000] ACPI: RSDP 0x00000000000E0000 000024 (v02 VBOX  )
[    0.000000] ACPI: XSDT 0x000000003FFF0030 00003C (v01 VBOX   VBOXXSDT 00000001 ASL  00000061)
[    0.000000] ACPI: FACP 0x000000003FFF00F0 0000F4 (v04 VBOX   VBOXFACP 00000001 ASL  00000061)
[    0.000000] ACPI: DSDT 0x000000003FFF0610 002353 (v02 VBOX   VBOXBIOS 00000002 INTL 20240322)
[    0.000000] ACPI: FACS 0x000000003FFF0200 000040
[    0.000000] ACPI: FACS 0x000000003FFF0200 000040
[    0.000000] ACPI: APIC 0x000000003FFF0240 00005C (v02 VBOX   VBOXAPIC 00000001 ASL  00000061)
[    0.000000] ACPI: SSDT 0x000000003FFF02A0 00036C (v01 VBOX   VBOXCPUT 00000002 INTL 20240322)
[    0.000000] ACPI: Reserving FACP table memory at [mem 0x3fff00f0-0x3fff01e3]
[    0.000000] ACPI: Reserving DSDT table memory at [mem 0x3fff0610-0x3fff2962]
[    0.000000] ACPI: Reserving FACS table memory at [mem 0x3fff0200-0x3fff023f]
[    0.000000] ACPI: Reserving FACS table memory at [mem 0x3fff0200-0x3fff023f]
[    0.000000] ACPI: Reserving APIC table memory at [mem 0x3fff0240-0x3fff029b]
[    0.000000] ACPI: Reserving SSDT table memory at [mem 0x3fff02a0-0x3fff060b]
[    0.000000] No NUMA configuration found
[    0.000000] Faking a node at [mem 0x0000000000000000-0x000000003ffeffff]
[    0.000000] NODE_DATA(0) allocated [mem 0x3ffc5000-0x3ffeffff]
[    0.000000] kvm-clock: cpu 0, msr 0:3ff44001, primary cpu clock
[    0.000000] kvm-clock: Using msrs 4b564d01 and 4b564d00
[    0.000000] kvm-clock: using sched offset of 3900961532 cycles
[    0.000000] clocksource: kvm-clock: mask: 0xffffffffffffffff max_cycles: 0x1cd42e4dffb, max_idle_ns: 881590591483 ns
[    0.000000] Zone ranges:
[    0.000000]   DMA      [mem 0x0000000000001000-0x0000000000ffffff]
[    0.000000]   DMA32    [mem 0x0000000001000000-0x000000003ffeffff]
[    0.000000]   Normal   empty
[    0.000000]   Device   empty
[    0.000000] Movable zone start for each node
[    0.000000] Early memory node ranges
[    0.000000]   node   0: [mem 0x0000000000001000-0x000000000009efff]
[    0.000000]   node   0: [mem 0x0000000000100000-0x000000003ffeffff]
[    0.000000] Reserved but unavailable: 104 pages
[    0.000000] Initmem setup node 0 [mem 0x0000000000001000-0x000000003ffeffff]
[    0.000000] ACPI: PM-Timer IO Port: 0x4008
[    0.000000] IOAPIC[0]: apic_id 2, version 32, address 0xfec00000, GSI 0-23
[    0.000000] ACPI: INT_SRC_OVR (bus 0 bus_irq 0 global_irq 2 dfl dfl)
[    0.000000] ACPI: INT_SRC_OVR (bus 0 bus_irq 9 global_irq 9 low level)
[    0.000000] Using ACPI (MADT) for SMP configuration information
[    0.000000] smpboot: Allowing 2 CPUs, 0 hotplug CPUs
[    0.000000] PM: Registered nosave memory: [mem 0x00000000-0x00000fff]
[    0.000000] PM: Registered nosave memory: [mem 0x0009f000-0x0009ffff]
[    0.000000] PM: Registered nosave memory: [mem 0x000a0000-0x000effff]
[    0.000000] PM: Registered nosave memory: [mem 0x000f0000-0x000fffff]
[    0.000000] e820: [mem 0x40000000-0xfebfffff] available for PCI devices
[    0.000000] Booting paravirtualized kernel on KVM
[    0.000000] clocksource: refined-jiffies: mask: 0xffffffff max_cycles: 0xffffffff, max_idle_ns: 7645519600211568 ns
[    0.000000] setup_percpu: NR_CPUS:8192 nr_cpumask_bits:2 nr_cpu_ids:2 nr_node_ids:1
[    0.000000] percpu: Embedded 50 pages/cpu s167936 r8192 d28672 u1048576
[    0.000000] PV qspinlock hash table entries: 256 (order: 0, 4096 bytes)
[    0.000000] Built 1 zonelists, mobility grouping on.  Total pages: 257913
[    0.000000] Policy zone: DMA32
[    0.000000] Kernel command line: BOOT_IMAGE=/boot/vmlinuz-4.15.0-212-generic root=LABEL=cloudimg-rootfs ro console=tty1 console=ttyS0
[    0.000000] Memory: 982644K/1048120K available (12300K kernel code, 2477K rwdata, 4324K rodata, 2480K init, 2720K bss, 65476K reserved, 0K cma-reserved)
[    0.000000] SLUB: HWalign=64, Order=0-3, MinObjects=0, CPUs=2, Nodes=1
[    0.000000] Kernel/User page tables isolation: enabled
[    0.000000] ftrace: allocating 39508 entries in 155 pages
[    0.004000] Hierarchical RCU implementation.
[    0.004000] 	RCU restricting CPUs from NR_CPUS=8192 to nr_cpu_ids=2.
[    0.004000] 	Tasks RCU enabled.
[    0.004000] RCU: Adjusting geometry for rcu_fanout_leaf=16, nr_cpu_ids=2
[    0.004000] NR_IRQS: 524544, nr_irqs: 440, preallocated irqs: 16
[    0.004000] random: crng init done
[    0.004000] Console: colour VGA+ 80x25
[    0.004000] console [tty1] enabled
[    0.004000] console [ttyS0] enabled
[    0.004000] ACPI: Core revision 20170831
[    0.004000] ACPI: 2 ACPI AML tables successfully acquired and loaded
[    0.004000] APIC: Switch to symmetric I/O mode setup
[    0.004000] x2apic enabled
[    0.004020] Switched APIC routing to physical x2apic.
[    0.012000] ..TIMER: vector=0x30 apic1=0 pin1=2 apic2=-1 pin2=-1
[    0.012003] tsc: Detected 2309.928 MHz processor
[    0.016011] Calibrating delay loop (skipped) preset value.. 4619.85 BogoMIPS (lpj=9239712)
[    0.020004] pid_max: default: 32768 minimum: 301
[    0.024062] Security Framework initialized
[    0.026567] Yama: becoming mindful.
[    0.028045] AppArmor: AppArmor initialized
[    0.033283] Dentry cache hash table entries: 131072 (order: 8, 1048576 bytes)
[    0.036732] Inode-cache hash table entries: 65536 (order: 7, 524288 bytes)
[    0.040038] Mount-cache hash table entries: 2048 (order: 2, 16384 bytes)
[    0.044033] Mountpoint-cache hash table entries: 2048 (order: 2, 16384 bytes)
[    0.052370] Last level iTLB entries: 4KB 64, 2MB 8, 4MB 8
[    0.055440] Last level dTLB entries: 4KB 64, 2MB 0, 4MB 0, 1GB 4
[    0.056016] Spectre V1 : Mitigation: usercopy/swapgs barriers and __user pointer sanitization
[    0.060003] Spectre V2 : Mitigation: Retpolines
[    0.064003] Spectre V2 : Spectre v2 / SpectreRSB mitigation: Filling RSB on context switch
[    0.068002] Spectre V2 : Spectre v2 / SpectreRSB : Filling RSB on VMEXIT
[    0.072003] RETBleed: WARNING: Spectre v2 mitigation leaves CPU vulnerable to RETBleed attacks, data leaks possible!
[    0.076003] RETBleed: Vulnerable
[    0.078432] Speculative Store Bypass: Vulnerable
[    0.080105] MDS: Mitigation: Clear CPU buffers
[    0.084003] MMIO Stale Data: Mitigation: Clear CPU buffers
[    0.087134] SRBDS: Unknown: Dependent on hypervisor status
[    0.088227] Freeing SMP alternatives memory: 36K
[    0.208004] APIC calibration not consistent with PM-Timer: 102ms instead of 100ms
[    0.212000] APIC delta adjusted to PM-Timer: 6296431 (6450028)
[    0.212211] smpboot: CPU0: Intel(R) Core(TM) i5-7360U CPU @ 2.30GHz (family: 0x6, model: 0x8e, stepping: 0x9)
[    0.216000] Performance Events: unsupported p6 CPU model 142 no PMU driver, software events only.
[    0.216000] Hierarchical SRCU implementation.
[    0.216678] NMI watchdog: Perf event create on CPU 0 failed with -2
[    0.220006] NMI watchdog: Perf NMI watchdog permanently disabled
[    0.224177] smp: Bringing up secondary CPUs ...
[    0.228512] x86: Booting SMP configuration:
[    0.232004] .... node  #0, CPUs:      #1
[    0.004000] kvm-clock: cpu 1, msr 0:3ff44041, secondary cpu clock
[    0.240060] smp: Brought up 1 node, 2 CPUs
[    0.244009] smpboot: Max logical packages: 1
[    0.248007] smpboot: Total of 2 processors activated (9239.71 BogoMIPS)
[    0.256242] devtmpfs: initialized
[    0.260082] x86/mm: Memory block size: 128MB
[    0.263750] evm: security.selinux
[    0.264009] evm: security.SMACK64
[    0.266300] evm: security.SMACK64EXEC
[    0.268005] evm: security.SMACK64TRANSMUTE
[    0.272003] evm: security.SMACK64MMAP
[    0.276003] evm: security.apparmor
[    0.280003] evm: security.ima
[    0.282430] evm: security.capability
[    0.284294] clocksource: jiffies: mask: 0xffffffff max_cycles: 0xffffffff, max_idle_ns: 7645041785100000 ns
[    0.288061] futex hash table entries: 512 (order: 3, 32768 bytes)
[    0.292125] pinctrl core: initialized pinctrl subsystem
[    0.296449] RTC time:  9:04:22, date: 07/15/25
[    0.300625] NET: Registered protocol family 16
[    0.304127] audit: initializing netlink subsys (disabled)
[    0.308145] audit: type=2000 audit(1752570268.053:1): state=initialized audit_enabled=0 res=1
[    0.312012] cpuidle: using governor ladder
[    0.314816] cpuidle: using governor menu
[    0.316133] ACPI: bus type PCI registered
[    0.320011] acpiphp: ACPI Hot Plug PCI Controller Driver version: 0.5
[    0.324467] PCI: Using configuration type 1 for base access
[    0.332472] HugeTLB registered 2.00 MiB page size, pre-allocated 0 pages
[    0.340139] ACPI: Added _OSI(Module Device)
[    0.344021] ACPI: Added _OSI(Processor Device)
[    0.348006] ACPI: Added _OSI(3.0 _SCP Extensions)
[    0.352006] ACPI: Added _OSI(Processor Aggregator Device)
[    0.356113] ACPI: Added _OSI(Linux-Dell-Video)
[    0.360011] ACPI: Added _OSI(Linux-Lenovo-NV-HDMI-Audio)
[    0.364009] ACPI: Added _OSI(Linux-HPI-Hybrid-Graphics)
[    0.368598] ACPI: Executed 1 blocks of module-level executable AML code
[    0.379034] ACPI: Interpreter enabled
[    0.380015] ACPI: (supports S0 S5)
[    0.384003] ACPI: Using IOAPIC for interrupt routing
[    0.388383] PCI: Using host bridge windows from ACPI; if necessary, use "pci=nocrs" and report a bug
[    0.392230] ACPI: Enabled 2 GPEs in block 00 to 07
[    0.405813] ACPI: PCI Root Bridge [PCI0] (domain 0000 [bus 00-ff])
[    0.408012] acpi PNP0A03:00: _OSC: OS supports [ASPM ClockPM Segments MSI]
[    0.416440] acpi PNP0A03:00: _OSC: not requesting OS control; OS requires [ExtendedConfig ASPM ClockPM MSI]
[    0.420024] acpi PNP0A03:00: fail to add MMCONFIG information, can't access extended PCI configuration space under this bridge.
[    0.424707] PCI host bridge to bus 0000:00
[    0.428005] pci_bus 0000:00: root bus resource [io  0x0000-0x0cf7 window]
[    0.432004] pci_bus 0000:00: root bus resource [io  0x0d00-0xffff window]
[    0.436004] pci_bus 0000:00: root bus resource [mem 0x000a0000-0x000bffff window]
[    0.440005] pci_bus 0000:00: root bus resource [mem 0x40000000-0xfdffffff window]
[    0.444005] pci_bus 0000:00: root bus resource [bus 00-ff]
[    0.453941] pci 0000:00:01.1: legacy IDE quirk: reg 0x10: [io  0x01f0-0x01f7]
[    0.456003] pci 0000:00:01.1: legacy IDE quirk: reg 0x14: [io  0x03f6]
[    0.460004] pci 0000:00:01.1: legacy IDE quirk: reg 0x18: [io  0x0170-0x0177]
[    0.464003] pci 0000:00:01.1: legacy IDE quirk: reg 0x1c: [io  0x0376]
[    0.534520] pci 0000:00:07.0: quirk: [io  0x4000-0x403f] claimed by PIIX4 ACPI
[    0.536031] pci 0000:00:07.0: quirk: [io  0x4100-0x410f] claimed by PIIX4 SMB
[    0.558213] ACPI: PCI Interrupt Link [LNKA] (IRQs 5 9 10 *11)
[    0.560496] ACPI: PCI Interrupt Link [LNKB] (IRQs 5 9 *10 11)
[    0.564179] ACPI: PCI Interrupt Link [LNKC] (IRQs 5 *9 10 11)
[    0.572120] ACPI: PCI Interrupt Link [LNKD] (IRQs 5 9 10 *11)
[    0.576709] SCSI subsystem initialized
[    0.580351] pci 0000:00:02.0: vgaarb: setting as boot VGA device
[    0.584000] pci 0000:00:02.0: vgaarb: VGA device added: decodes=io+mem,owns=io+mem,locks=none
[    0.588011] pci 0000:00:02.0: vgaarb: bridge control possible
[    0.592008] vgaarb: loaded
[    0.596067] ACPI: bus type USB registered
[    0.600035] usbcore: registered new interface driver usbfs
[    0.604049] usbcore: registered new interface driver hub
[    0.608042] usbcore: registered new device driver usb
[    0.612282] EDAC MC: Ver: 3.0.0
[    0.620119] PCI: Using ACPI for IRQ routing
[    0.624962] NetLabel: Initializing
[    0.628000] NetLabel:  domain hash size = 128
[    0.628005] NetLabel:  protocols = UNLABELED CIPSOv4 CALIPSO
[    0.632024] NetLabel:  unlabeled traffic allowed by default
[    0.640177] clocksource: Switched to clocksource kvm-clock
[    0.663560] VFS: Disk quotas dquot_6.6.0
[    0.671919] VFS: Dquot-cache hash table entries: 512 (order 0, 4096 bytes)
[    0.675869] AppArmor: AppArmor Filesystem Enabled
[    0.681043] pnp: PnP ACPI init
[    0.684986] pnp: PnP ACPI: found 3 devices
[    0.715995] clocksource: acpi_pm: mask: 0xffffff max_cycles: 0xffffff, max_idle_ns: 2085701024 ns
[    0.723855] NET: Registered protocol family 2
[    0.730525] IP idents hash table entries: 16384 (order: 5, 131072 bytes)
[    0.739490] TCP established hash table entries: 8192 (order: 4, 65536 bytes)
[    0.749443] TCP bind hash table entries: 8192 (order: 5, 131072 bytes)
[    0.753259] TCP: Hash tables configured (established 8192 bind 8192)
[    0.765962] UDP hash table entries: 512 (order: 2, 16384 bytes)
[    0.770448] UDP-Lite hash table entries: 512 (order: 2, 16384 bytes)
[    0.774067] NET: Registered protocol family 1
[    0.774397] pci 0000:00:00.0: Limiting direct PCI/PCI transfers
[    0.780166] pci 0000:00:01.0: Activating ISA DMA hang workarounds
[    0.783594] pci 0000:00:02.0: Video device with shadowed ROM at [mem 0x000c0000-0x000dffff]
[    0.784090] Unpacking initramfs...
[    1.126553] Freeing initrd memory: 19528K
[    1.129797] clocksource: tsc: mask: 0xffffffffffffffff max_cycles: 0x214bd80a03e, max_idle_ns: 440795312706 ns
[    1.135472] platform rtc_cmos: registered platform RTC device (no PNP device found)
[    1.139898] Scanning for low memory corruption every 60 seconds
[    1.146402] Initialise system trusted keyrings
[    1.149644] Key type blacklist registered
[    1.152540] workingset: timestamp_bits=36 max_order=18 bucket_order=0
[    1.157544] zbud: loaded
[    1.159872] squashfs: version 4.0 (2009/01/31) Phillip Lougher
[    1.164340] fuse init (API version 7.26)
[    1.177218] Key type asymmetric registered
[    1.179597] Asymmetric key parser 'x509' registered
[    1.182526] Block layer SCSI generic (bsg) driver version 0.4 loaded (major 246)
[    1.186969] io scheduler noop registered
[    1.189674] io scheduler deadline registered
[    1.192668] io scheduler cfq registered (default)
[    1.196528] ACPI: AC Adapter [AC] (on-line)
[    1.199399] input: Power Button as /devices/LNXSYSTM:00/LNXPWRBN:00/input/input0
[    1.203598] ACPI: Power Button [PWRF]
[    1.206498] input: Sleep Button as /devices/LNXSYSTM:00/LNXSLPBN:00/input/input1
[    1.211294] ACPI: Sleep Button [SLPF]
[    1.216285] ACPI: Battery Slot [BAT0] (battery present)
[    1.219967] Serial: 8250/16550 driver, 32 ports, IRQ sharing enabled
[    1.252064] 00:02: ttyS0 at I/O 0x3f8 (irq = 4, base_baud = 115200) is a 16550A
[    1.262596] Linux agpgart interface v0.103
[    1.269451] loop: module loaded
[    1.273444] scsi host0: ata_piix
[    1.275786] scsi host1: ata_piix
[    1.277881] ata1: PATA max UDMA/33 cmd 0x1f0 ctl 0x3f6 bmdma 0xd000 irq 14
[    1.282381] ata2: PATA max UDMA/33 cmd 0x170 ctl 0x376 bmdma 0xd008 irq 15
[    1.286674] tun: Universal TUN/TAP device driver, 1.6
[    1.291417] PPP generic driver version 2.4.2
[    1.294065] ehci_hcd: USB 2.0 'Enhanced' Host Controller (EHCI) Driver
[    1.297798] ehci-pci: EHCI PCI platform driver
[    1.300433] ehci-platform: EHCI generic platform driver
[    1.303564] ohci_hcd: USB 1.1 'Open' Host Controller (OHCI) Driver
[    1.307604] ohci-pci: OHCI PCI platform driver
[    1.310172] ohci-platform: OHCI generic platform driver
[    1.313242] uhci_hcd: USB Universal Host Controller Interface driver
[    1.316965] i8042: PNP: PS/2 Controller [PNP0303:PS2K,PNP0f03:PS2M] at 0x60,0x64 irq 1,12
[    1.324027] serio: i8042 KBD port at 0x60,0x64 irq 1
[    1.325596] serio: i8042 AUX port at 0x60,0x64 irq 12
[    1.331230] mousedev: PS/2 mouse device common for all mice
[    1.337302] input: AT Translated Set 2 keyboard as /devices/platform/i8042/serio0/input/input2
[    1.342319] rtc_cmos rtc_cmos: rtc core: registered rtc_cmos as rtc0
[    1.346874] rtc_cmos rtc_cmos: alarms up to one day, 114 bytes nvram
[    1.351536] i2c /dev entries driver
[    1.353707] device-mapper: uevent: version 1.0.3
[    1.356761] device-mapper: ioctl: 4.37.0-ioctl (2017-09-20) initialised: dm-devel@redhat.com
[    1.361931] ledtrig-cpu: registered to indicate activity on CPUs
[    1.366914] NET: Registered protocol family 10
[    1.377145] Segment Routing with IPv6
[    1.380225] NET: Registered protocol family 17
[    1.383645] Key type dns_resolver registered
[    1.387607] mce: Using 0 MCE banks
[    1.390722] RAS: Correctable Errors collector initialized.
[    1.398976] sched_clock: Marking stable (1398892312, 0)->(1915067442, -516175130)
[    1.406423] registered taskstats version 1
[    1.409966] Loading compiled-in X.509 certificates
[    1.418990] Loaded X.509 cert 'Build time autogenerated kernel key: b5b26778eaa3ab3a4a6cee031137706e947d12ad'
[    1.427924] Loaded X.509 cert 'Canonical Ltd. Live Patch Signing: 14df34d1a87cf37625abec039ef2bf521249b969'
[    1.436589] Loaded X.509 cert 'Canonical Ltd. Kernel Module Signing: 88f752e560a1e0737e31163a466ad7b70a850c19'
[    1.444593] blacklist: Loading compiled-in revocation X.509 certificates
[    1.450270] Loaded X.509 cert 'Canonical Ltd. Secure Boot Signing: 61482aa2830d0ab2ad5af10b7250da9033ddcef0'
[    1.458453] Loaded X.509 cert 'Canonical Ltd. Secure Boot Signing (2017): 242ade75ac4a15e50d50c84b0d45ff3eae707a03'
[    1.466752] Loaded X.509 cert 'Canonical Ltd. Secure Boot Signing (ESM 2018): 365188c1d374d6b07c3c8f240f8ef722433d6a8b'
[    1.475391] Loaded X.509 cert 'Canonical Ltd. Secure Boot Signing (2019): c0746fd6c5da3ae827864651ad66ae47fe24b3e8'
[    1.483880] Loaded X.509 cert 'Canonical Ltd. Secure Boot Signing (2021 v1): a8d54bbb3825cfb94fa13c9f8a594a195c107b8d'
[    1.493171] Loaded X.509 cert 'Canonical Ltd. Secure Boot Signing (2021 v2): 4cf046892d6fd3c9a5b03f98d845f90851dc6a8c'
[    1.501811] Loaded X.509 cert 'Canonical Ltd. Secure Boot Signing (2021 v3): 100437bb6de6e469b581e61cd66bce3ef4ed53af'
[    1.509697] Loaded X.509 cert 'Canonical Ltd. Secure Boot Signing (Ubuntu Core 2019): c1d57b8f6b743f23ee41f4f7ee292f06eecadfb9'
[    1.518163] zswap: loaded using pool lzo/zbud
[    1.526984] Key type big_key registered
[    1.529453] Key type trusted registered
[    1.534499] Key type encrypted registered
[    1.537043] AppArmor: AppArmor sha1 policy hashing enabled
[    1.540232] ima: No TPM chip found, activating TPM-bypass! (rc=-19)
[    1.543628] ima: Allocated hash algorithm: sha1
[    1.546296] evm: HMAC attrs: 0x1
[    1.548900]   Magic number: 1:599:70
[    1.551509]  memory: hash matches
[    1.553861] rtc_cmos rtc_cmos: setting system clock to 2025-07-15 09:04:23 UTC (1752570263)
[    1.559001] BIOS EDD facility v0.16 2004-Jun-25, 0 devices found
[    1.562853] EDD information not available.
[    1.569153] Freeing unused kernel image memory: 2480K
[    1.612791] Write protecting the kernel read-only data: 20480k
[    1.619630] Freeing unused kernel image memory: 2008K
[    1.624077] Freeing unused kernel image memory: 1820K
[    1.634913] x86/mm: Checked W+X mappings: passed, no W+X pages found.
[    1.639196] x86/mm: Checking user space page tables
[    1.649195] x86/mm: Checked W+X mappings: passed, no W+X pages found.
Loading, please wait...
starting version 237
[    1.742718] e1000: Intel(R) PRO/1000 Network Driver - version 7.3.21-k8-NAPI
[    1.747863] e1000: Copyright (c) 1999-2006 Intel Corporation.
[    1.751970] Fusion MPT base driver 3.04.20
[    1.755202] Copyright (c) 1999-2008 LSI Corporation
[    1.764807] Fusion MPT SPI Host driver 3.04.20
[    1.800585] AVX2 version of gcm_enc/dec engaged.
[    1.804257] AES CTR mode by8 optimization enabled
[    1.975396] input: ImExPS/2 Generic Explorer Mouse as /devices/platform/i8042/serio1/input/input4
[    2.276203] e1000 0000:00:03.0 eth0: (PCI:33MHz:32-bit) 02:3b:7b:b7:3b:2d
[    2.280992] e1000 0000:00:03.0 eth0: Intel(R) PRO/1000 Network Connection
[    2.288055] mptbase: ioc0: Initiating bringup
[    2.398598] ioc0: LSI53C1030 A0: Capabilities={Initiator}
[    2.651112] scsi host2: ioc0: LSI53C1030 A0, FwRev=00000000h, Ports=1, MaxQ=256, IRQ=20
[    2.826575] scsi 2:0:0:0: Direct-Access     VBOX     HARDDISK         1.0  PQ: 0 ANSI: 5
[    2.864137] scsi target2:0:0: Beginning Domain Validation
[    2.955655] scsi target2:0:0: Domain Validation skipping write tests
[    2.959720] scsi target2:0:0: Ending Domain Validation
[    2.963180] scsi target2:0:0: asynchronous
[    2.967002] scsi 2:0:1:0: Direct-Access     VBOX     HARDDISK         1.0  PQ: 0 ANSI: 5
[    3.275804] scsi target2:0:1: Beginning Domain Validation
[    3.284350] scsi target2:0:1: Domain Validation skipping write tests
[    3.288973] scsi target2:0:1: Ending Domain Validation
[    3.292032] scsi target2:0:1: asynchronous
[    3.302863] sd 2:0:0:0: Attached scsi generic sg0 type 0
[    3.307923] sd 2:0:1:0: Attached scsi generic sg1 type 0
[    3.329089] sd 2:0:1:0: [sdb] 20480 512-byte logical blocks: (10.5 MB/10.0 MiB)
[    3.336525] e1000 0000:00:08.0 eth1: (PCI:33MHz:32-bit) 08:00:27:7d:58:57
[    3.342500] e1000 0000:00:08.0 eth1: Intel(R) PRO/1000 Network Connection
[    3.348407] sd 2:0:0:0: [sda] 83886080 512-byte logical blocks: (42.9 GB/40.0 GiB)
[    3.348554] sd 2:0:1:0: [sdb] Write Protect is off
[    3.360530] sd 2:0:0:0: [sda] Write Protect is off
[    3.360872] sd 2:0:1:0: [sdb] Incomplete mode parameter data
[    3.370712] sd 2:0:1:0: [sdb] Assuming drive cache: write through
[    3.376338] sd 2:0:0:0: [sda] Incomplete mode parameter data
[    3.380527] sd 2:0:1:0: [sdb] Attached SCSI disk
[    3.384043] sd 2:0:0:0: [sda] Assuming drive cache: write through
[    3.391895]  sda: sda1
[    3.396850] sd 2:0:0:0: [sda] Attached SCSI disk
[    3.402241] e1000 0000:00:08.0 enp0s8: renamed from eth1
[    3.416555] e1000 0000:00:03.0 enp0s3: renamed from eth0
Begin: Loading essential drivers ... [    5.247172] raid6: sse2x1   gen() 15532 MB/s
[    5.307209] raid6: sse2x1   xor()  9158 MB/s
[    5.367252] raid6: sse2x2   gen() 17069 MB/s
[    5.427364] raid6: sse2x2   xor() 10485 MB/s
[    5.487741] raid6: sse2x4   gen() 13621 MB/s
[    5.546486] raid6: sse2x4   xor()  7295 MB/s
[    5.632820] raid6: avx2x1   gen() 23282 MB/s
[    5.697117] raid6: avx2x1   xor() 18445 MB/s
[    5.756741] raid6: avx2x2   gen() 30726 MB/s
[    5.816839] raid6: avx2x2   xor() 20195 MB/s
[    5.876312] raid6: avx2x4   gen() 33052 MB/s
[    5.934681] raid6: avx2x4   xor() 16866 MB/s
[    5.938611] raid6: using algorithm avx2x4 gen() 33052 MB/s
[    5.942915] raid6: .... xor() 16866 MB/s, rmw enabled
[    5.947874] raid6: using avx2x2 recovery algorithm
[    5.953956] xor: automatically using best checksumming function   avx       
[    5.960904] async_tx: api initialized (async)
done.
Begin: Running /scripts/init-premount ... done.
Begin: Mounting root file system ... Begin: Running /scripts/local-top ... done.
Begin: Running /scripts/local-premount ... [    6.019354] Btrfs loaded, crc32c=crc32c-intel
Scanning for Btrfs filesystems
done.
Warning: fsck not present, so skipping root file system
[    6.066022] EXT4-fs (sda1): mounted filesystem with ordered data mode. Opts: (null)
done.
Begin: Running /scripts/local-bottom ... done.
Begin: Running /scripts/init-bottom ... done.
[    6.293804] ip_tables: (C) 2000-2006 Netfilter Core Team
[    6.310165] systemd[1]: systemd 237 running in system mode. (+PAM +AUDIT +SELINUX +IMA +APPARMOR +SMACK +SYSVINIT +UTMP +LIBCRYPTSETUP +GCRYPT +GNUTLS +ACL +XZ +LZ4 +SECCOMP +BLKID +ELFUTILS +KMOD -IDN2 +IDN -PCRE2 default-hierarchy=hybrid)
[    6.321847] systemd[1]: Detected virtualization oracle.
[    6.324841] systemd[1]: Detected architecture x86-64.

Welcome to [1mUbuntu 18.04.6 LTS[0m!

[    6.344158] systemd[1]: Set hostname to <ubuntu>.
[    6.352572] systemd[1]: Initializing machine ID from random generator.
[    6.356303] systemd[1]: Installed transient /etc/machine-id file.
[    6.692640] systemd[1]: Reached target System Time Synchronized.
[[0;32m  OK  [0m] Reached target System Time Synchronized.
[    6.698681] systemd[1]: Started Forward Password Requests to Wall Directory Watch.
[[0;32m  OK  [0m] Started Forward Password Requests to Wall Directory Watch.
[    6.708060] systemd[1]: Set up automount Arbitrary Executable File Formats File System Automount Point.
[[0;32m  OK  [0m] Set up automount Arbitrary Executab…rmats File System Automount Point.
[    6.717981] systemd[1]: Reached target Mounting snaps.
[[0;32m  OK  [0m] Reached target Mounting snaps.
[[0;32m  OK  [0m] Reached target Mounted snaps.
[[0;32m  OK  [0m] Reached target User and Group Name Lookups.
[[0;32m  OK  [0m] Reached target Swap.
[[0;32m  OK  [0m] Created slice User and Session Slice.
[[0;32m  OK  [0m] Created slice System Slice.
[[0;32m  OK  [0m] Listening on Journal Socket (/dev/log).
[[0;32m  OK  [0m] Listening on /dev/initctl Compatibility Named Pipe.
[[0;32m  OK  [0m] Listening on Syslog Socket.
[[0;32m  OK  [0m] Listening on Journal Audit Socket.
[[0;32m  OK  [0m] Listening on udev Control Socket.
[[0;32m  OK  [0m] Listening on Device-mapper event daemon FIFOs.
[[0;32m  OK  [0m] Listening on Network Service Netlink Socket.
[[0;32m  OK  [0m] Listening on LVM2 metadata daemon socket.
[[0;32m  OK  [0m] Reached target Slices.
[[0;32m  OK  [0m] Listening on Journal Socket.
         Starting Uncomplicated firewall...
         Starting Set the console keyboard layout...
         Starting Load Kernel Modules...
[[0;32m  OK  [0m] Created slice system-serial\x2dgetty.slice.
         Starting Journal Service...
         Starting Monitoring of LVM2 mirrors…ng dmeventd or progress polling...
         Mounting Huge Pages File System...
[[0;32m  OK  [0m] Listening on fsck to fsckd communication Socket.
         Starting File System Check on Root Device...
         Starting Create list of required st…ce nodes for the current kernel...
         Mounting Kernel Debug File System...
[[0;32m  OK  [0m] Listening on udev Kernel Socket.
         Starting udev Coldplug all Devices...
         Mounting POSIX Message Queue File System...
[[0;32m  OK  [0m] Listening on LVM2 poll daemon socket.
[[0;32m  OK  [0m] Started Uncomplicated firewall.
[    6.810619] Loading iSCSI transport class v2.0-870.
[    6.821042] iscsi: registered transport (tcp)
[[0;32m  OK  [0m] Started LVM2 metadata daemon.
[[0;32m  OK  [0m] Started File System Check Daemon to report status.
[[0;32m  OK  [0m] Started Create list of required sta…vice nodes for the current kernel.
         Starting Create Static Device Nodes in /dev...
[[0;32m  OK  [0m] Started Journal Service.
[[0;32m  OK  [0m] Started File System Check on Root Device.
         Starting Remount Root and Kernel File Systems...
[    6.967075] iscsi: registered transport (iser)
[[0;32m  OK  [0m] Started Load Kernel Modules.
         Mounting FUSE Control File System...
         Mounting Kernel Configuration File System...
         Starting Apply Kernel Variables...
[[0;32m  OK  [0m] Started udev Coldplug all Devices.
[[0;32m  OK  [0m] Mounted FUSE Control File System.
[[0;32m  OK  [0m] Mounted Huge Pages File System.
[[0;32m  OK  [0m] Mounted Kernel Debug File System.
[[0;32m  OK  [0m] Mounted POSIX Message Queue File System.
[[0;32m  OK  [0m] Mounted Kernel Configuration File System.
[[0;32m  OK  [0m] Started Create Static Device Nodes in /dev.
[[0;32m  OK  [0m] Started Remount Root and Kernel File Systems.
         Starting Flush Journal to Persistent Storage...
         Starting udev Kernel Device Manager...
         Starting Load/Save Random Seed...
[[0;32m  OK  [0m] Started Monitoring of LVM2 mirrors,…sing dmeventd or progress polling.
[[0;32m  OK  [0m] Started Apply Kernel Variables.
[[0;32m  OK  [0m] Started udev Kernel Device Manager.
[[0;32m  OK  [0m] Started Load/Save Random Seed.
[[0;32m  OK  [0m] Started Flush Journal to Persistent Storage.
[[0;32m  OK  [0m] Found device /dev/ttyS0.
[[0;32m  OK  [0m] Listening on Load/Save RF Kill Switch Status /dev/rfkill Watch.
         Mounting Arbitrary Executable File Formats File System...
[[0;32m  OK  [0m] Mounted Arbitrary Executable File Formats File System.
[[0;32m  OK  [0m] Started Set the console keyboard layout.
[[0;32m  OK  [0m] Started Dispatch Password Requests to Console Directory Watch.
[[0;32m  OK  [0m] Reached target Local Encrypted Volumes.
[[0;32m  OK  [0m] Reached target Local File Systems (Pre).
[[0;32m  OK  [0m] Reached target Local File Systems.
         Starting Tell Plymouth To Write Out Runtime Data...
         Starting AppArmor initialization...
         Starting Commit a transient machine-id on disk...
         Starting Create Volatile Files and Directories...
         Starting Set console font and keymap...
         Starting ebtables ruleset management...
[[0;32m  OK  [0m] Started Tell Plymouth To Write Out Runtime Data.
[[0;32m  OK  [0m] Started Create Volatile Files and Directories.
         Starting Update UTMP about System Boot/Shutdown...
[[0;32m  OK  [0m] Started Update UTMP about System Boot/Shutdown.
[[0;32m  OK  [0m] Started Commit a transient machine-id on disk.
[[0;32m  OK  [0m] Started ebtables ruleset management.
[[0;32m  OK  [0m] Started AppArmor initialization.
         Starting Load AppArmor profiles managed internally by snapd...
         Starting Initial cloud-init job (pre-networking)...
[[0;32m  OK  [0m] Started Load AppArmor profiles managed internally by snapd.
[[0;32m  OK  [0m] Started Set console font and keymap.
[   11.494900] cloud-init[796]: Cloud-init v. 23.1.2-0ubuntu0~18.04.1 running 'init-local' at Tue, 15 Jul 2025 09:04:33 +0000. Up 11.08 seconds.
[[0;32m  OK  [0m] Started Initial cloud-init job (pre-networking).
[[0;32m  OK  [0m] Reached target Network (Pre).
         Starting Network Service...
[[0;32m  OK  [0m] Started Network Service.
         Starting Network Name Resolution...
         Starting Wait for Network to be Configured...
[[0;32m  OK  [0m] Started Network Name Resolution.
[[0;32m  OK  [0m] Reached target Host and Network Name Lookups.
[[0;32m  OK  [0m] Reached target Network.
[[0;32m  OK  [0m] Started Wait for Network to be Configured.
         Starting Initial cloud-init job (metadata service crawler)...
[   13.681963] cloud-init[956]: Cloud-init v. 23.1.2-0ubuntu0~18.04.1 running 'init' at Tue, 15 Jul 2025 09:04:35 +0000. Up 13.51 seconds.
[   13.687098] cloud-init[956]: ci-info: ++++++++++++++++++++++++++++++++++++++++++++Net device info++++++++++++++++++++++++++++++++++++++++++++
[   13.692910] cloud-init[956]: ci-info: +--------+-------+---------------------------------------+---------------+--------+-------------------+
[   13.697797] cloud-init[956]: ci-info: | Device |   Up  |                Address                |      Mask     | Scope  |     Hw-Address    |
[   13.703165] cloud-init[956]: ci-info: +--------+-------+---------------------------------------+---------------+--------+-------------------+
[   13.707899] cloud-init[956]: ci-info: | enp0s3 |  True |               10.0.2.15               | 255.255.255.0 | global | 02:3b:7b:b7:3b:2d |
[   13.712608] cloud-init[956]: ci-info: | enp0s3 |  True | fd17:625c:f037:2:3b:7bff:feb7:3b2d/64 |       .       | global | 02:3b:7b:b7:3b:2d |
[   13.717592] cloud-init[956]: ci-info: | enp0s3 |  True |       fe80::3b:7bff:feb7:3b2d/64      |       .       |  link  | 02:3b:7b:b7:3b:2d |
[   13.722454] cloud-init[956]: ci-info: | enp0s8 | False |                   .                   |       .       |   .    | 08:00:27:7d:58:57 |
[   13.736962] cloud-init[956]: ci-info: |   lo   |  True |               127.0.0.1               |   255.0.0.0   |  host  |         .         |
[   13.741130] cloud-init[956]: ci-info: |   lo   |  True |                ::1/128                |       .       |  host  |         .         |
[   13.744521] cloud-init[956]: ci-info: +--------+-------+---------------------------------------+---------------+--------+-------------------+
[   13.748134] cloud-init[956]: ci-info: ++++++++++++++++++++++++++++Route IPv4 info+++++++++++++++++++++++++++++
[   13.750634] cloud-init[956]: ci-info: +-------+-------------+----------+-----------------+-----------+-------+
[   13.753148] cloud-init[956]: ci-info: | Route | Destination | Gateway  |     Genmask     | Interface | Flags |
[   13.756379] cloud-init[956]: ci-info: +-------+-------------+----------+-----------------+-----------+-------+
[   13.759434] cloud-init[956]: ci-info: |   0   |   0.0.0.0   | 10.0.2.2 |     0.0.0.0     |   enp0s3  |   UG  |
[   13.762430] cloud-init[956]: ci-info: |   1   |   10.0.2.0  | 0.0.0.0  |  255.255.255.0  |   enp0s3  |   U   |
[   13.766265] cloud-init[956]: ci-info: |   2   |   10.0.2.2  | 0.0.0.0  | 255.255.255.255 |   enp0s3  |   UH  |
[   13.769137] cloud-init[956]: ci-info: +-------+-------------+----------+-----------------+-----------+-------+
[   13.772263] cloud-init[956]: ci-info: ++++++++++++++++++++++++Route IPv6 info++++++++++++++++++++++++
[   13.788398] cloud-init[956]: ci-info: +-------+-----------------------+---------+-----------+-------+
[   13.804931] cloud-init[956]: ci-info: | Route |      Destination      | Gateway | Interface | Flags |
[   13.828820] cloud-init[956]: ci-info: +-------+-----------------------+---------+-----------+-------+
[   13.833639] cloud-init[956]: ci-info: |   1   | fd17:625c:f037:2::/64 |    ::   |   enp0s3  |   U   |
[   13.836967] cloud-init[956]: ci-info: |   2   |       fe80::/64       |    ::   |   enp0s3  |   U   |
[   13.840842] cloud-init[956]: ci-info: |   3   |          ::/0         | fe80::2 |   enp0s3  |   UG  |
[   13.844458] cloud-init[956]: ci-info: |   5   |         local         |    ::   |   enp0s3  |   U   |
[   13.847735] cloud-init[956]: ci-info: |   6   |        ff00::/8       |    ::   |   enp0s3  |   U   |
[   13.851455] cloud-init[956]: ci-info: +-------+-----------------------+---------+-----------+-------+
[   14.779626] cloud-init[956]: Generating public/private rsa key pair.
[   14.781813] cloud-init[956]: Your identification has been saved in /etc/ssh/ssh_host_rsa_key.
[   14.784941] cloud-init[956]: Your public key has been saved in /etc/ssh/ssh_host_rsa_key.pub.
[   14.787706] cloud-init[956]: The key fingerprint is:
[   14.789384] cloud-init[956]: SHA256:wzuI81+DAv0pdf8MlGUi9yZpE95Apx23OGjB90h90Pg root@ubuntu-bionic
[   14.792403] cloud-init[956]: The key's randomart image is:
[   14.794261] cloud-init[956]: +---[RSA 2048]----+
[   14.795998] cloud-init[956]: |          ... =+.|
[   14.798733] cloud-init[956]: |           oo*o++|
[   14.800507] cloud-init[956]: |          .oOo*o.|
[   14.801985] cloud-init[956]: |     . .  .+ %..E|
[   14.804725] cloud-init[956]: |    . . S . O +  |
[   14.823829] cloud-init[956]: |     o + * + +   |
[   14.826612] cloud-init[956]: |    o + * o o    |
[   14.843858] cloud-init[956]: |     o o o . +   |
[   14.846387] cloud-init[956]: |      ...     o  |
[   14.848837] cloud-init[956]: +----[SHA256]-----+
[   14.850699] cloud-init[956]: Generating public/private dsa key pair.
[   14.854701] cloud-init[956]: Your identification has been saved in /etc/ssh/ssh_host_dsa_key.
[   14.857740] cloud-init[956]: Your public key has been saved in /etc/ssh/ssh_host_dsa_key.pub.
[   14.860632] cloud-init[956]: The key fingerprint is:
[   14.862676] cloud-init[956]: SHA256:Ns5Y+ccf5tG4vaEibB0YtY6wzGy7yyrCspDP6r2m8Uk root@ubuntu-bionic
[   14.865976] cloud-init[956]: The key's randomart image is:
[   14.868053] cloud-init[956]: +---[DSA 1024]----+
[   14.882935] cloud-init[956]: |                 |
[   14.885205] cloud-init[956]: |           .     |
[   14.888294] cloud-init[956]: |          . .    |
[   14.891529] cloud-init[956]: |       . o .     |
[   14.893106] cloud-init[956]: |      + S =      |
[   14.895822] cloud-init[956]: | .     % = +   o |
[   14.898112] cloud-init[956]: |+. E  o = o + =..|
[   14.900699] cloud-init[956]: |o==o. .. + + +.=.|
[   14.913218] cloud-init[956]: |==*=o..++ . ..+.o|
[   14.933260] cloud-init[956]: +----[SHA256]-----+
[   14.935321] cloud-init[956]: Generating public/private ecdsa key pair.
[   14.942183] cloud-init[956]: Your identification has been saved in /etc/ssh/ssh_host_ecdsa_key.
[   14.946690] cloud-init[956]: Your public key has been saved in /etc/ssh/ssh_host_ecdsa_key.pub.
[   14.950966] cloud-init[956]: The key fingerprint is:
[   14.975789] cloud-init[956]: SHA256:7tMLdBw7DFnGilt4KsIIZABIZaE1Apv3xP3u8Rlq+wg root@ubuntu-bionic
[   14.980580] cloud-init[956]: The key's randomart image is:
[   14.983827] cloud-init[956]: +---[ECDSA 256]---+
[   14.988343] cloud-init[956]: |Xo.*.    .o      |
[   14.988551] cloud-init[956]: |.==...   +.      |
[   14.989341] cloud-init[956]: |=.. o .oo..      |
[   14.991903] cloud-init[956]: |.. o  o.++ o     |
[[0;32m  OK  [0m] Started Initial cloud-init job (metadata service crawler).
[   14.992208] cloud-init[956]: |.o  .  =S *      |
[   15.005870] cloud-init[956]: |. o . o+ . .     |
[[   15.016555] cloud-init[956]: |   . .E =..      |
[   15.017287] cloud-init[956]: |       +o*.o     |
[   15.018002] cloud-init[956]: |       .*+=.     |
[0;32m  OK  [0m] Reached target Network is Online.
[   15.026269] cloud-init[956]: +----[SHA256]-----+
[[0;32m  OK  [0m] Reached target Remote File Systems (Pre).
[[0;32m  OK  [0m] Reached target Remote File Systems.
         Starting Availability of block devices...
[[0;32m  OK  [0m] Reached target Cloud-config availability.
[[0;32m  OK  [0m] Reached target System Initialization.
[[0;32m  OK  [0m] Listening on UUID daemon activation socket.
[[0;32m  OK  [0m] Listening on Open-iSCSI iscsid Socket.
[   15.041714] cloud-init[956]: Generating public/private ed25519 key pair.
[[0;32m  OK  [0m] Listening on cloud-init hotplug hook socket.
[   15.081161] [cloud-init[0;32m  OK  [0m[956]: ] Your identification has been saved in /etc/ssh/ssh_host_ed25519_key.Started Ubuntu Advantage Timer for running repeated jobs.

         Starting Socket activation for snappy daemon.
[   15.093349] cloud-init[956]: Your public key has been saved in /etc/ssh/ssh_host_ed25519_key.pub.
         Starting LXD - unix socket.
[   15.114695] cloud-init[956]: The key fingerprint is:
[   15.118898] cloud-init[956]: SHA256:fr+v/kt8+NeW8b6n4Dtecl9VgiX8ZeDPXUq7vKWZU/k root@ubuntu-bionic
[   15.118963] cloud-init[956]: The key's randomart image is:
[   15.119017] cloud-init[956]: +--[ED25519 256]--+
[   15.119068] cloud-init[956]: |           .. o. |
[   15.119114] cloud-init[956]: |            .=  o|
[   15.119169] cloud-init[956]: |            ..+oo|
[   15.119221] cloud-init[956]: |             ..*+|
[   15.119287] cloud-init[956]: |        S     o *|
[   15.119342] cloud-init[956]: |       .     o =o|
[   15.119393] cloud-init[956]: |        . . o O.X|
[   15.119445] cloud-init[956]: |         . o.*.@E|
[[0;32m  OK  [0m] Listening on D-Bus System Message Bus Socket.
[[0;32m  OK  [0m] Started Daily Cleanup of Temporary Directories.
[   15.122587] [cloud-init[0;32m  OK  [0m[956]: ] |           oOBXBB|Started Discard unused blocks once a week.

[   15.351540] [[0;32m  OK  [0m] Started ACPI Events Check.
[[0;32m  OK  [0m] Reached target Paths.
[[0;32m  OK  [0m] Started Daily apt download activities.
cloud-init[956]: +----[SHA256]-----+
[[0;32m  OK  [0m] Started Daily apt upgrade and clean activities.
[[0;32m  OK  [0m] Listening on ACPID Listen Socket.
[[0;32m  OK  [0m] Started Message of the Day.
[[0;32m  OK  [0m] Reached target Timers.
[[0;32m  OK  [0m] Started Availability of block devices.
[[0;32m  OK  [0m] Listening on Socket activation for snappy daemon.
[[0;32m  OK  [0m] Listening on LXD - unix socket.
[[0;32m  OK  [0m] Reached target Sockets.
[[0;32m  OK  [0m] Reached target Basic System.
         Starting Permit User Sessions...
         Starting Dispatcher daemon for systemd-networkd...
[[0;32m  OK  [0m] Started Regular background program processing daemon.
[[0;32m  OK  [0m] Started FUSE filesystem for LXC.
[[0;32m  OK  [0m] Reached target Login Prompts (Pre).
         Starting System Logging Service...
         Starting Virtualbox guest utils...
         Starting Login Service...
         Starting Accounts Service...
[[0;32m  OK  [0m] Started D-Bus System Message Bus.
         Starting Pollinate to seed the pseudo random number generator...
         Starting LSB: Record successful boot for GRUB...
[[0;32m  OK  [0m] Started irqbalance daemon.
         Starting LSB: automatic crash report generation...
[[0;32m  OK  [0m] Started Deferred execution scheduler.
         Starting LXD - container startup/shutdown...
         Starting Snap Daemon...
[[0;32m  OK  [0m] Started System Logging Service.
[[0;32m  OK  [0m] Started Permit User Sessions.
[[0;32m  OK  [0m] Started Dispatcher daemon for systemd-networkd.
[[0;32m  OK  [0m] Started Login Service.
         Starting Authorization Manager...
[[0;32m  OK  [0m] Started Unattended Upgrades Shutdown.
         Starting Hostname Service...
         Starting Hold until boot process finishes up...
         Starting Terminate Plymouth Boot Screen...
[[0;32m  OK  [0m] Started Hold until boot process finishes up.
[[0;32m  OK  [0m] Started Terminate Plymouth Boot Screen.
[[0;32m  OK  [0m] Started Serial Getty on ttyS0.
         Starting Set console scheme...
[[0;32m  OK  [0m] Started LSB: automatic crash report generation.
[[0;32m  OK  [0m] Started Set console scheme.
[[0;32m  OK  [0m] Created slice system-getty.slice.
[[0;32m  OK  [0m] Started Getty on tty1.
[[0;32m  OK  [0m] Reached target Login Prompts.
[[0;32m  OK  [0m] Started LSB: Record successful boot for GRUB.
[[0;32m  OK  [0m] Started Hostname Service.
[[0;32m  OK  [0m] Started Authorization Manager.
[[0;32m  OK  [0m] Started Accounts Service.
[[0;32m  OK  [0m] Started LXD - container startup/shutdown.
[[0;32m  OK  [0m] Started Virtualbox guest utils.
[[0;32m  OK  [0m] Started Pollinate to seed the pseudo random number generator.
         Starting OpenBSD Secure Shell server...
[[0;32m  OK  [0m] Started Snap Daemon.
         Starting Wait until snapd is fully seeded...
[[0;32m  OK  [0m] Started OpenBSD Secure Shell server.
         Starting Time & Date Service...
[[0;32m  OK  [0m] Started Time & Date Service.
[[0;32m  OK  [0m] Created slice User Slice of vagrant.
         Starting User Manager for UID 1000...
[[0;32m  OK  [0m] Started Session 1 of user vagrant.
[[0;32m  OK  [0m] Started User Manager for UID 1000.
[[0;32m  OK  [0m] Started Wait until snapd is fully seeded.
         Starting Apply the settings specified in cloud-config...
[   22.006303] cloud-init[1596]: Cloud-init v. 23.1.2-0ubuntu0~18.04.1 running 'modules:config' at Tue, 15 Jul 2025 09:04:42 +0000. Up 20.65 seconds.

Ubuntu 18.04.6 LTS ubuntu-bionic ttyS0

ubuntu-bionic login: ci-info: no authorized SSH keys fingerprints found for user ubuntu.
<14>Jul 15 09:04:45 cloud-init: #############################################################
<14>Jul 15 09:04:45 cloud-init: -----BEGIN SSH HOST KEY FINGERPRINTS-----
<14>Jul 15 09:04:45 cloud-init: 1024 SHA256:Ns5Y+ccf5tG4vaEibB0YtY6wzGy7yyrCspDP6r2m8Uk root@ubuntu-bionic (DSA)
<14>Jul 15 09:04:45 cloud-init: 256 SHA256:7tMLdBw7DFnGilt4KsIIZABIZaE1Apv3xP3u8Rlq+wg root@ubuntu-bionic (ECDSA)
<14>Jul 15 09:04:45 cloud-init: 256 SHA256:fr+v/kt8+NeW8b6n4Dtecl9VgiX8ZeDPXUq7vKWZU/k root@ubuntu-bionic (ED25519)
<14>Jul 15 09:04:45 cloud-init: 2048 SHA256:wzuI81+DAv0pdf8MlGUi9yZpE95Apx23OGjB90h90Pg root@ubuntu-bionic (RSA)
<14>Jul 15 09:04:45 cloud-init: -----END SSH HOST KEY FINGERPRINTS-----
<14>Jul 15 09:04:45 cloud-init: #############################################################
-----BEGIN SSH HOST KEY KEYS-----
ecdsa-sha2-nistp256 AAAAE2VjZHNhLXNoYTItbmlzdHAyNTYAAAAIbmlzdHAyNTYAAABBBALlGc//QHSa9HsOXrOCN+JhzFx4mO4Zg01oL44OUONSsBpSbbujtiGR+r0qigdid9chlknfu4lufnbtqCupZGU= root@ubuntu-bionic
ssh-ed25519 AAAAC3NzaC1lZDI1NTE5AAAAIP3pYEDjwQcNG0EXoxY363hEapkLNXJTcd3IzGEg2g1f root@ubuntu-bionic
ssh-rsa AAAAB3NzaC1yc2EAAAADAQABAAABAQDrhRfTPJQknWmifWkwQZr0MNych5MKV3WR4AQUogdomjH0jg+eO5vBVk0v2CVkxm4cBk5Mfe3W6+ZWxVNtECEU0U+qFz8lvp7I17pCgABC2K+UYuMWUKQj0YQXcC7DyDtIKmkPOcTdVLdwrAwXyG4apJYd+0Kh/+MSytkwiDhKFnpHo6RcxWCYDyLoNeMupddVNATsLbgYJHO4A3l+C3dkS8WvlLUwaIx0LvUDAj/OlQ4KZZiRGjCF6vkOsl83gPLEkyFAOHCcUOlD0fpMKjzPw930unAhEUgIkKrHGAYmpcwiaGZ9oCIxWsL7wxgKvInWcPsWAcmQWHFp7GLP4WOr root@ubuntu-bionic
-----END SSH HOST KEY KEYS-----
[   23.218759] cloud-init[1736]: Cloud-init v. 23.1.2-0ubuntu0~18.04.1 running 'modules:final' at Tue, 15 Jul 2025 09:04:44 +0000. Up 22.94 seconds.
[   23.218952] cloud-init[1736]: Cloud-init v. 23.1.2-0ubuntu0~18.04.1 finished at Tue, 15 Jul 2025 09:04:45 +0000. Datasource DataSourceNoCloud [seed=/dev/sdb][dsmode=net].  Up 23.20 seconds
